<?xml version="1.0" encoding="UTF-8"?>
<!-- Generated by org.testng.reporters.JUnitReportReporter -->
<testsuite hostname="DESKTOP-VJJR4FR" failures="0" tests="4" name="testScript.Login" time="19.266" errors="0" timestamp="2025-04-15T20:53:13 IST" skipped="0">
  <testcase classname="testScript.Login" name="loginMethod1" time="5.030"/>
  <testcase classname="testScript.Login" name="loginMethod2" time="5.684"/>
  <testcase classname="testScript.Login" name="loginMethod4" time="4.288"/>
  <testcase classname="testScript.Login" name="loginMethod3" time="4.264"/>
</testsuite> <!-- testScript.Login -->
